#
# There is insufficient memory for the Java Runtime Environment to continue.
# Native memory allocation (malloc) failed to allocate 32744 bytes for Chunk::new
# Possible reasons:
#   The system is out of physical RAM or swap space
#   The process is running with CompressedOops enabled, and the Java Heap may be blocking the growth of the native heap
# Possible solutions:
#   Reduce memory load on the system
#   Increase physical memory or swap space
#   Check if swap backing store is full
#   Decrease Java heap size (-Xmx/-Xms)
#   Decrease number of Java threads
#   Decrease Java thread stack sizes (-Xss)
#   Set larger code cache with -XX:ReservedCodeCacheSize=
#   JVM is running with Unscaled Compressed Oops mode in which the Java heap is
#     placed in the first 4GB address space. The Java Heap base address is the
#     maximum limit for the native heap growth. Please use -XX:HeapBaseMinAddress
#     to set the Java Heap base and to place the Java Heap above 4GB virtual address.
# This output file may be truncated or incomplete.
#
#  Out of Memory Error (arena.cpp:184), pid=2436, tid=11660
#
# JRE version: Java(TM) SE Runtime Environment (19.0.1+10) (build 19.0.1+10-21)
# Java VM: Java HotSpot(TM) 64-Bit Server VM (19.0.1+10-21, mixed mode, sharing, tiered, compressed oops, compressed class ptrs, g1 gc, windows-amd64)
# No core dump will be written. Minidumps are not enabled by default on client versions of Windows
#

---------------  S U M M A R Y ------------

Command Line: -javaagent:D:\IDEA\IntelliJ IDEA Community Edition 2022.2.3\lib\idea_rt.jar=51400:D:\IDEA\IntelliJ IDEA Community Edition 2022.2.3\bin -Dfile.encoding=UTF-8 -Dsun.stdout.encoding=UTF-8 -Dsun.stderr.encoding=UTF-8 Ceiba.CeibaSvApplication

Host: AMD Ryzen 5 3500U with Radeon Vega Mobile Gfx  , 8 cores, 6G,  Windows 10 , 64 bit Build 19041 (10.0.19041.2546)
Time: Thu Oct  5 20:26:49 2023  Windows 10 , 64 bit Build 19041 (10.0.19041.2546) elapsed time: 18.888571 seconds (0d 0h 0m 18s)

---------------  T H R E A D  ---------------

Current thread (0x0000024846862010):  JavaThread "C2 CompilerThread0" daemon [_thread_in_native, id=11660, stack(0x0000004fbdd00000,0x0000004fbde00000)]


Current CompileTask:
C2:  18888 4969   !   4       java.net.URL::<init> (543 bytes)

Stack: [0x0000004fbdd00000,0x0000004fbde00000]
Native frames: (J=compiled Java code, j=interpreted, Vv=VM code, C=native code)
V  [jvm.dll+0x6ee8fa]
V  [jvm.dll+0x857a1e]
V  [jvm.dll+0x85940e]
V  [jvm.dll+0x859ac3]
V  [jvm.dll+0x28291f]
V  [jvm.dll+0xc9b5f]
V  [jvm.dll+0xc9ee5]
V  [jvm.dll+0x719e19]
V  [jvm.dll+0x1ee3e7]
V  [jvm.dll+0x24c41b]
V  [jvm.dll+0x24b671]
V  [jvm.dll+0x1d6d61]
V  [jvm.dll+0x25b0fa]
V  [jvm.dll+0x259588]
V  [jvm.dll+0x807928]
V  [jvm.dll+0x8015fa]
V  [jvm.dll+0x6ed5eb]
C  [ucrtbase.dll+0x21bb2]
C  [KERNEL32.DLL+0x17614]
C  [ntdll.dll+0x526a1]


---------------  P R O C E S S  ---------------

Threads class SMR info:
_java_thread_list=0x000002484ef8be40, length=32, elements={
0x0000024846852700, 0x00000248468533d0, 0x0000024846859890, 0x000002484685a1c0,
0x000002484685ae30, 0x000002484685b760, 0x0000024846862010, 0x000002484686ad40,
0x00000248468762d0, 0x000002484682ad70, 0x000002484ad21c50, 0x000002484ad22190,
0x000002484c91a890, 0x000002484bed2030, 0x000002484c59c060, 0x000002484d462b80,
0x000002484d4610f0, 0x000002484d461640, 0x000002484d461b90, 0x000002484d45fbb0,
0x000002484d4620e0, 0x000002484d45f660, 0x000002484d460ba0, 0x000002484b454f20,
0x000002484b4559c0, 0x000002484b453490, 0x000002484b454480, 0x000002484b452f40,
0x000002484b4504c0, 0x000002484b451f50, 0x000002484b4549d0, 0x000002484ba296a0
}

Java Threads: ( => current thread )
  0x0000024846852700 JavaThread "Reference Handler" daemon [_thread_blocked, id=5332, stack(0x0000004fbd700000,0x0000004fbd800000)]
  0x00000248468533d0 JavaThread "Finalizer" daemon [_thread_blocked, id=13516, stack(0x0000004fbd800000,0x0000004fbd900000)]
  0x0000024846859890 JavaThread "Signal Dispatcher" daemon [_thread_blocked, id=8392, stack(0x0000004fbd900000,0x0000004fbda00000)]
  0x000002484685a1c0 JavaThread "Attach Listener" daemon [_thread_blocked, id=444, stack(0x0000004fbda00000,0x0000004fbdb00000)]
  0x000002484685ae30 JavaThread "Service Thread" daemon [_thread_blocked, id=3492, stack(0x0000004fbdb00000,0x0000004fbdc00000)]
  0x000002484685b760 JavaThread "Monitor Deflation Thread" daemon [_thread_blocked, id=3100, stack(0x0000004fbdc00000,0x0000004fbdd00000)]
=>0x0000024846862010 JavaThread "C2 CompilerThread0" daemon [_thread_in_native, id=11660, stack(0x0000004fbdd00000,0x0000004fbde00000)]
  0x000002484686ad40 JavaThread "C1 CompilerThread0" daemon [_thread_blocked, id=11836, stack(0x0000004fbde00000,0x0000004fbdf00000)]
  0x00000248468762d0 JavaThread "Sweeper thread" daemon [_thread_blocked, id=1160, stack(0x0000004fbdf00000,0x0000004fbe000000)]
  0x000002484682ad70 JavaThread "Common-Cleaner" daemon [_thread_blocked, id=1392, stack(0x0000004fbe000000,0x0000004fbe100000)]
  0x000002484ad21c50 JavaThread "Monitor Ctrl-Break" daemon [_thread_in_native, id=12268, stack(0x0000004fbe200000,0x0000004fbe300000)]
  0x000002484ad22190 JavaThread "Notification Thread" daemon [_thread_blocked, id=3616, stack(0x0000004fbe300000,0x0000004fbe400000)]
  0x000002484c91a890 JavaThread "HikariPool-1 housekeeper" daemon [_thread_blocked, id=10872, stack(0x0000004fbef00000,0x0000004fbf000000)]
  0x000002484bed2030 JavaThread "Catalina-utility-1" [_thread_blocked, id=8212, stack(0x0000004fbf000000,0x0000004fbf100000)]
  0x000002484c59c060 JavaThread "Catalina-utility-2" [_thread_blocked, id=8308, stack(0x0000004fbf100000,0x0000004fbf200000)]
  0x000002484d462b80 JavaThread "container-0" [_thread_blocked, id=5380, stack(0x0000004fbf200000,0x0000004fbf300000)]
  0x000002484d4610f0 JavaThread "File Watcher" daemon [_thread_blocked, id=9708, stack(0x0000004fbf400000,0x0000004fbf500000)]
  0x000002484d461640 JavaThread "Live Reload Server" daemon [_thread_in_native, id=10476, stack(0x0000004fbf600000,0x0000004fbf700000)]
  0x000002484d461b90 JavaThread "http-nio-8181-exec-1" daemon [_thread_in_vm, id=3528, stack(0x0000004fbf500000,0x0000004fbf600000)]
  0x000002484d45fbb0 JavaThread "http-nio-8181-exec-2" daemon [_thread_blocked, id=4352, stack(0x0000004fbf700000,0x0000004fbf800000)]
  0x000002484d4620e0 JavaThread "http-nio-8181-exec-3" daemon [_thread_blocked, id=4524, stack(0x0000004fbf800000,0x0000004fbf900000)]
  0x000002484d45f660 JavaThread "http-nio-8181-exec-4" daemon [_thread_blocked, id=14420, stack(0x0000004fbf900000,0x0000004fbfa00000)]
  0x000002484d460ba0 JavaThread "http-nio-8181-exec-5" daemon [_thread_blocked, id=6412, stack(0x0000004fbfa00000,0x0000004fbfb00000)]
  0x000002484b454f20 JavaThread "http-nio-8181-exec-6" daemon [_thread_blocked, id=12524, stack(0x0000004fbfb00000,0x0000004fbfc00000)]
  0x000002484b4559c0 JavaThread "http-nio-8181-exec-7" daemon [_thread_blocked, id=14480, stack(0x0000004fbfc00000,0x0000004fbfd00000)]
  0x000002484b453490 JavaThread "http-nio-8181-exec-8" daemon [_thread_blocked, id=2840, stack(0x0000004fbfd00000,0x0000004fbfe00000)]
  0x000002484b454480 JavaThread "http-nio-8181-exec-9" daemon [_thread_blocked, id=15236, stack(0x0000004fbfe00000,0x0000004fbff00000)]
  0x000002484b452f40 JavaThread "http-nio-8181-exec-10" daemon [_thread_blocked, id=9460, stack(0x0000004fbff00000,0x0000004fc0000000)]
  0x000002484b4504c0 JavaThread "http-nio-8181-Poller" daemon [_thread_in_native, id=7980, stack(0x0000004fc0000000,0x0000004fc0100000)]
  0x000002484b451f50 JavaThread "http-nio-8181-Acceptor" daemon [_thread_in_native, id=13584, stack(0x0000004fc0100000,0x0000004fc0200000)]
  0x000002484b4549d0 JavaThread "DestroyJavaVM" [_thread_blocked, id=13900, stack(0x0000004fbd000000,0x0000004fbd100000)]
  0x000002484ba296a0 JavaThread "C2 CompilerThread1" daemon [_thread_in_native, id=12796, stack(0x0000004fbe100000,0x0000004fbe200000)]

Other Threads:
  0x0000024846839490 VMThread "VM Thread" [stack: 0x0000004fbd600000,0x0000004fbd700000] [id=2256]
  0x000002484b0ca200 WatcherThread "VM Periodic Task Thread" [stack: 0x0000004fbe400000,0x0000004fbe500000] [id=15016]
  0x00000248289d1bd0 WorkerThread "GC Thread#0" [stack: 0x0000004fbd100000,0x0000004fbd200000] [id=8940]
  0x000002484b78d8f0 WorkerThread "GC Thread#1" [stack: 0x0000004fbe700000,0x0000004fbe800000] [id=13852]
  0x000002484b78ef70 WorkerThread "GC Thread#2" [stack: 0x0000004fbe800000,0x0000004fbe900000] [id=7472]
  0x000002484b78de90 WorkerThread "GC Thread#3" [stack: 0x0000004fbe900000,0x0000004fbea00000] [id=4632]
  0x000002484b78e700 WorkerThread "GC Thread#4" [stack: 0x0000004fbea00000,0x0000004fbeb00000] [id=2312]
  0x000002484b78eca0 WorkerThread "GC Thread#5" [stack: 0x0000004fbeb00000,0x0000004fbec00000] [id=3560]
  0x000002484b78e430 WorkerThread "GC Thread#6" [stack: 0x0000004fbed00000,0x0000004fbee00000] [id=9116]
  0x000002484b78e9d0 WorkerThread "GC Thread#7" [stack: 0x0000004fbee00000,0x0000004fbef00000] [id=4760]
  0x000002482692eb90 ConcurrentGCThread "G1 Main Marker" [stack: 0x0000004fbd200000,0x0000004fbd300000] [id=5512]
  0x00000248289e0bb0 WorkerThread "G1 Conc#0" [stack: 0x0000004fbd300000,0x0000004fbd400000] [id=7416]
  0x000002484c278d60 WorkerThread "G1 Conc#1" [stack: 0x0000004fbec00000,0x0000004fbed00000] [id=14040]
  0x00000248466f24d0 ConcurrentGCThread "G1 Refine#0" [stack: 0x0000004fbd400000,0x0000004fbd500000] [id=3796]
  0x00000248466f2cc0 ConcurrentGCThread "G1 Service" [stack: 0x0000004fbd500000,0x0000004fbd600000] [id=13168]

Threads with active compile tasks:
C2 CompilerThread0    18919 4969   !   4       java.net.URL::<init> (543 bytes)
C2 CompilerThread1    18919 4976   !   4       org.springframework.beans.factory.support.DefaultListableBeanFactory::doGetBeanNamesForType (505 bytes)

VM state: not at safepoint (normal execution)

VM Mutex/Monitor currently owned by a thread: None

Heap address: 0x0000000091000000, size: 1776 MB, Compressed Oops mode: 32-bit

CDS archive(s) mapped at: [0x0000000800000000-0x0000000800c40000-0x0000000800c40000), size 12845056, SharedBaseAddress: 0x0000000800000000, ArchiveRelocationMode: 0.
Compressed class space mapped at: 0x0000000801000000-0x0000000841000000, reserved size: 1073741824
Narrow klass base: 0x0000000800000000, Narrow klass shift: 0, Narrow klass range: 0x100000000

GC Precious Log:
 CardTable entry size: 512
 Card Set container configuration: InlinePtr #cards 5 size 8 Array Of Cards #cards 12 size 40 Howl #buckets 4 coarsen threshold 1843 Howl Bitmap #cards 512 size 80 coarsen threshold 460 Card regions per heap region 1 cards per card region 2048
 CPUs: 8 total, 8 available
 Memory: 7103M
 Large Page Support: Disabled
 NUMA Support: Disabled
 Compressed Oops: Enabled (32-bit)
 Heap Region Size: 1M
 Heap Min Capacity: 8M
 Heap Initial Capacity: 112M
 Heap Max Capacity: 1776M
 Pre-touch: Disabled
 Parallel Workers: 8
 Concurrent Workers: 2
 Concurrent Refinement Workers: 8
 Periodic GC: Disabled

Heap:
 garbage-first heap   total 51200K, used 38406K [0x0000000091000000, 0x0000000100000000)
  region size 1024K, 17 young (17408K), 2 survivors (2048K)
 Metaspace       used 54772K, committed 55424K, reserved 1114112K
  class space    used 6988K, committed 7296K, reserved 1048576K

Heap Regions: E=young(eden), S=young(survivor), O=old, HS=humongous(starts), HC=humongous(continues), CS=collection set, F=free, OA=open archive, CA=closed archive, TAMS=top-at-mark-start (previous, next)
|   0|0x0000000091000000, 0x0000000091100000, 0x0000000091100000|100%|HS|  |TAMS 0x0000000091100000, 0x0000000091000000| Complete 
|   1|0x0000000091100000, 0x0000000091200000, 0x0000000091200000|100%| O|  |TAMS 0x0000000091200000, 0x0000000091100000| Untracked 
|   2|0x0000000091200000, 0x0000000091300000, 0x0000000091300000|100%| O|  |TAMS 0x0000000091300000, 0x0000000091200000| Untracked 
|   3|0x0000000091300000, 0x0000000091400000, 0x0000000091400000|100%| O|  |TAMS 0x0000000091400000, 0x0000000091300000| Untracked 
|   4|0x0000000091400000, 0x0000000091500000, 0x0000000091500000|100%| O|  |TAMS 0x0000000091500000, 0x0000000091400000| Untracked 
|   5|0x0000000091500000, 0x0000000091600000, 0x0000000091600000|100%| O|  |TAMS 0x0000000091600000, 0x0000000091500000| Untracked 
|   6|0x0000000091600000, 0x0000000091700000, 0x0000000091700000|100%| O|  |TAMS 0x0000000091700000, 0x0000000091600000| Untracked 
|   7|0x0000000091700000, 0x0000000091800000, 0x0000000091800000|100%| O|  |TAMS 0x0000000091800000, 0x0000000091700000| Untracked 
|   8|0x0000000091800000, 0x0000000091900000, 0x0000000091900000|100%| O|  |TAMS 0x0000000091900000, 0x0000000091800000| Untracked 
|   9|0x0000000091900000, 0x0000000091a00000, 0x0000000091a00000|100%| O|  |TAMS 0x0000000091a00000, 0x0000000091900000| Untracked 
|  10|0x0000000091a00000, 0x0000000091b00000, 0x0000000091b00000|100%| O|  |TAMS 0x0000000091b00000, 0x0000000091a00000| Untracked 
|  11|0x0000000091b00000, 0x0000000091c00000, 0x0000000091c00000|100%| O|  |TAMS 0x0000000091c00000, 0x0000000091b00000| Untracked 
|  12|0x0000000091c00000, 0x0000000091d00000, 0x0000000091d00000|100%| O|  |TAMS 0x0000000091d00000, 0x0000000091c00000| Untracked 
|  13|0x0000000091d00000, 0x0000000091e00000, 0x0000000091e00000|100%| O|  |TAMS 0x0000000091e00000, 0x0000000091d00000| Untracked 
|  14|0x0000000091e00000, 0x0000000091f00000, 0x0000000091f00000|100%| O|  |TAMS 0x0000000091f00000, 0x0000000091e00000| Untracked 
|  15|0x0000000091f00000, 0x0000000092000000, 0x0000000092000000|100%| O|  |TAMS 0x0000000091f00000, 0x0000000091f00000| Untracked 
|  16|0x0000000092000000, 0x0000000092100000, 0x0000000092100000|100%| O|  |TAMS 0x00000000920b1c00, 0x0000000092000000| Untracked 
|  17|0x0000000092100000, 0x0000000092200000, 0x0000000092200000|100%| O|  |TAMS 0x0000000092100000, 0x0000000092100000| Untracked 
|  18|0x0000000092200000, 0x0000000092300000, 0x0000000092300000|100%| O|  |TAMS 0x0000000092200000, 0x0000000092200000| Untracked 
|  19|0x0000000092300000, 0x0000000092400000, 0x0000000092400000|100%| O|  |TAMS 0x0000000092300000, 0x0000000092300000| Untracked 
|  20|0x0000000092400000, 0x0000000092500000, 0x0000000092500000|100%| O|  |TAMS 0x0000000092400000, 0x0000000092400000| Untracked 
|  21|0x0000000092500000, 0x0000000092600000, 0x0000000092600000|100%| O|  |TAMS 0x0000000092500000, 0x0000000092500000| Untracked 
|  22|0x0000000092600000, 0x000000009268b200, 0x0000000092700000| 54%| O|  |TAMS 0x0000000092600000, 0x0000000092600000| Untracked 
|  23|0x0000000092700000, 0x0000000092700000, 0x0000000092800000|  0%| F|  |TAMS 0x0000000092700000, 0x0000000092700000| Untracked 
|  24|0x0000000092800000, 0x0000000092800000, 0x0000000092900000|  0%| F|  |TAMS 0x0000000092800000, 0x0000000092800000| Untracked 
|  25|0x0000000092900000, 0x0000000092900000, 0x0000000092a00000|  0%| F|  |TAMS 0x0000000092900000, 0x0000000092900000| Untracked 
|  26|0x0000000092a00000, 0x0000000092a00000, 0x0000000092b00000|  0%| F|  |TAMS 0x0000000092a00000, 0x0000000092a00000| Untracked 
|  27|0x0000000092b00000, 0x0000000092b00000, 0x0000000092c00000|  0%| F|  |TAMS 0x0000000092b00000, 0x0000000092b00000| Untracked 
|  28|0x0000000092c00000, 0x0000000092c00000, 0x0000000092d00000|  0%| F|  |TAMS 0x0000000092c00000, 0x0000000092c00000| Untracked 
|  29|0x0000000092d00000, 0x0000000092d00000, 0x0000000092e00000|  0%| F|  |TAMS 0x0000000092d00000, 0x0000000092d00000| Untracked 
|  30|0x0000000092e00000, 0x0000000092e00000, 0x0000000092f00000|  0%| F|  |TAMS 0x0000000092e00000, 0x0000000092e00000| Untracked 
|  31|0x0000000092f00000, 0x0000000092f00000, 0x0000000093000000|  0%| F|  |TAMS 0x0000000092f00000, 0x0000000092f00000| Untracked 
|  32|0x0000000093000000, 0x00000000930f6938, 0x0000000093100000| 96%| S|CS|TAMS 0x0000000093000000, 0x0000000093000000| Complete 
|  33|0x0000000093100000, 0x0000000093200000, 0x0000000093200000|100%| S|CS|TAMS 0x0000000093100000, 0x0000000093100000| Complete 
|  34|0x0000000093200000, 0x0000000093200000, 0x0000000093300000|  0%| F|  |TAMS 0x0000000093200000, 0x0000000093200000| Untracked 
|  35|0x0000000093300000, 0x00000000933d5090, 0x0000000093400000| 83%| E|  |TAMS 0x0000000093300000, 0x0000000093300000| Complete 
|  36|0x0000000093400000, 0x0000000093500000, 0x0000000093500000|100%| E|CS|TAMS 0x0000000093400000, 0x0000000093400000| Complete 
|  37|0x0000000093500000, 0x0000000093600000, 0x0000000093600000|100%| E|CS|TAMS 0x0000000093500000, 0x0000000093500000| Complete 
|  38|0x0000000093600000, 0x0000000093700000, 0x0000000093700000|100%| E|  |TAMS 0x0000000093600000, 0x0000000093600000| Complete 
|  39|0x0000000093700000, 0x0000000093800000, 0x0000000093800000|100%| E|CS|TAMS 0x0000000093700000, 0x0000000093700000| Complete 
|  40|0x0000000093800000, 0x0000000093900000, 0x0000000093900000|100%| E|CS|TAMS 0x0000000093800000, 0x0000000093800000| Complete 
|  41|0x0000000093900000, 0x0000000093a00000, 0x0000000093a00000|100%| E|CS|TAMS 0x0000000093900000, 0x0000000093900000| Complete 
|  56|0x0000000094800000, 0x0000000094900000, 0x0000000094900000|100%| E|CS|TAMS 0x0000000094800000, 0x0000000094800000| Complete 
|  57|0x0000000094900000, 0x0000000094a00000, 0x0000000094a00000|100%| E|CS|TAMS 0x0000000094900000, 0x0000000094900000| Complete 
|  58|0x0000000094a00000, 0x0000000094b00000, 0x0000000094b00000|100%| E|CS|TAMS 0x0000000094a00000, 0x0000000094a00000| Complete 
|  59|0x0000000094b00000, 0x0000000094c00000, 0x0000000094c00000|100%| E|CS|TAMS 0x0000000094b00000, 0x0000000094b00000| Complete 
|  60|0x0000000094c00000, 0x0000000094d00000, 0x0000000094d00000|100%| E|CS|TAMS 0x0000000094c00000, 0x0000000094c00000| Complete 
|  61|0x0000000094d00000, 0x0000000094e00000, 0x0000000094e00000|100%| E|CS|TAMS 0x0000000094d00000, 0x0000000094d00000| Complete 
|  62|0x0000000094e00000, 0x0000000094f00000, 0x0000000094f00000|100%| E|CS|TAMS 0x0000000094e00000, 0x0000000094e00000| Complete 
| 111|0x0000000097f00000, 0x0000000098000000, 0x0000000098000000|100%| E|CS|TAMS 0x0000000097f00000, 0x0000000097f00000| Complete 

Card table byte_map: [0x000002483ffa0000,0x0000024840320000] _byte_map_base: 0x000002483fb18000

Marking Bits (Prev, Next): (CMBitMap*) 0x000002482692e0f0, (CMBitMap*) 0x000002482692e130
 Prev Bits: [0x00000248406a0000, 0x0000024842260000)
 Next Bits: [0x0000024842260000, 0x0000024843e20000)

Polling page: 0x0000024826af0000

Metaspace:

Usage:
  Non-class:     46.69 MB used.
      Class:      6.83 MB used.
       Both:     53.51 MB used.

Virtual space:
  Non-class space:       64.00 MB reserved,      47.06 MB ( 74%) committed,  1 nodes.
      Class space:        1.00 GB reserved,       7.12 MB ( <1%) committed,  1 nodes.
             Both:        1.06 GB reserved,      54.19 MB (  5%) committed. 

Chunk freelists:
   Non-Class:  992.00 KB
       Class:  896.00 KB
        Both:  1.84 MB

MaxMetaspaceSize: unlimited
CompressedClassSpaceSize: 1.00 GB
Initial GC threshold: 21.00 MB
Current GC threshold: 58.88 MB
CDS: on
MetaspaceReclaimPolicy: balanced
 - commit_granule_bytes: 65536.
 - commit_granule_words: 8192.
 - virtual_space_node_default_size: 8388608.
 - enlarge_chunks_in_place: 1.
 - new_chunks_are_fully_committed: 0.
 - uncommit_free_chunks: 1.
 - use_allocation_guard: 0.


Internal statistics:

num_allocs_failed_limit: 6.
num_arena_births: 1000.
num_arena_deaths: 0.
num_vsnodes_births: 2.
num_vsnodes_deaths: 0.
num_space_committed: 867.
num_space_uncommitted: 0.
num_chunks_returned_to_freelist: 6.
num_chunks_taken_from_freelist: 2977.
num_chunk_merges: 6.
num_chunk_splits: 2136.
num_chunks_enlarged: 1684.
num_inconsistent_stats: 0.

CodeHeap 'non-profiled nmethods': size=120000Kb used=2584Kb max_used=2701Kb free=117415Kb
 bounds [0x00000248383b0000, 0x0000024838680000, 0x000002483f8e0000]
CodeHeap 'profiled nmethods': size=120000Kb used=8583Kb max_used=9925Kb free=111416Kb
 bounds [0x00000248308e0000, 0x00000248312a0000, 0x0000024837e10000]
CodeHeap 'non-nmethods': size=5760Kb used=1372Kb max_used=1434Kb free=4387Kb
 bounds [0x0000024837e10000, 0x0000024838080000, 0x00000248383b0000]
 total_blobs=4811 nmethods=4199 adapters=522
 compilation: enabled
              stopped_count=0, restarted_count=0
 full_count=0

Compilation events (20 events):
Event: 18.842 Thread 0x000002484686ad40 4989       3       org.springframework.core.annotation.AttributeMethods$$Lambda$83/0x0000000801095270::compare (12 bytes)
Event: 18.843 Thread 0x000002484686ad40 nmethod 4989 0x0000024830b2b010 code [0x0000024830b2b1e0, 0x0000024830b2b688]
Event: 18.843 Thread 0x000002484686ad40 4990       3       org.springframework.core.annotation.AttributeMethods::lambda$static$0 (30 bytes)
Event: 18.843 Thread 0x000002484686ad40 nmethod 4990 0x0000024830b2aa90 code [0x0000024830b2ac60, 0x0000024830b2aee8]
Event: 18.843 Thread 0x000002484686ad40 4993       3       org.springframework.core.annotation.AnnotationTypeMapping$MirrorSets::get (7 bytes)
Event: 18.843 Thread 0x000002484686ad40 nmethod 4993 0x0000024830b2a710 code [0x0000024830b2a8a0, 0x0000024830b2a9d8]
Event: 18.843 Thread 0x000002484686ad40 4992       3       java.util.Collections::unmodifiableList (51 bytes)
Event: 18.844 Thread 0x000002484686ad40 nmethod 4992 0x0000024830c16f90 code [0x0000024830c171e0, 0x0000024830c17d78]
Event: 18.844 Thread 0x000002484686ad40 4991   !   3       jdk.proxy1.$Proxy3::annotationType (29 bytes)
Event: 18.844 Thread 0x000002484686ad40 nmethod 4991 0x0000024830e52310 code [0x0000024830e524e0, 0x0000024830e528d8]
Event: 18.846 Thread 0x000002484686ad40 4994       3       java.lang.Integer::stringSize (47 bytes)
Event: 18.846 Thread 0x000002484686ad40 nmethod 4994 0x0000024830e51e10 code [0x0000024830e51fc0, 0x0000024830e52218]
Event: 18.860 Thread 0x000002484686ad40 4996   !   3       java.util.regex.Pattern::closure (276 bytes)
Event: 18.862 Thread 0x000002484686ad40 nmethod 4996 0x0000024830961310 code [0x0000024830961740, 0x00000248309631e8]
Event: 18.863 Thread 0x000002484686ad40 4997       3       java.util.regex.Pattern$BitClass::is (22 bytes)
Event: 18.864 Thread 0x000002484686ad40 nmethod 4997 0x0000024830e51990 code [0x0000024830e51b40, 0x0000024830e51d18]
Event: 18.875 Thread 0x000002484686ad40 4999       3       java.net.URI::match (56 bytes)
Event: 18.875 Thread 0x000002484686ad40 nmethod 4999 0x0000024830e48390 code [0x0000024830e48540, 0x0000024830e48858]
Event: 18.883 Thread 0x000002484686ad40 5000       2       sun.net.util.URLUtil::urlNoFragString (114 bytes)
Event: 18.884 Thread 0x000002484686ad40 nmethod 5000 0x0000024830e47790 code [0x0000024830e479e0, 0x0000024830e47e48]

GC Heap History (20 events):
Event: 3.428 GC heap before
{Heap before GC invocations=4 (full 0):
 garbage-first heap   total 51200K, used 36437K [0x0000000091000000, 0x0000000100000000)
  region size 1024K, 30 young (30720K), 7 survivors (7168K)
 Metaspace       used 25039K, committed 25472K, reserved 1114112K
  class space    used 3074K, committed 3264K, reserved 1048576K
}
Event: 3.435 GC heap after
{Heap after GC invocations=5 (full 0):
 garbage-first heap   total 51200K, used 15388K [0x0000000091000000, 0x0000000100000000)
  region size 1024K, 3 young (3072K), 3 survivors (3072K)
 Metaspace       used 25039K, committed 25472K, reserved 1114112K
  class space    used 3074K, committed 3264K, reserved 1048576K
}
Event: 3.510 GC heap before
{Heap before GC invocations=5 (full 0):
 garbage-first heap   total 51200K, used 16412K [0x0000000091000000, 0x0000000100000000)
  region size 1024K, 4 young (4096K), 3 survivors (3072K)
 Metaspace       used 25889K, committed 26368K, reserved 1114112K
  class space    used 3168K, committed 3392K, reserved 1048576K
}
Event: 3.514 GC heap after
{Heap after GC invocations=6 (full 0):
 garbage-first heap   total 51200K, used 15884K [0x0000000091000000, 0x0000000100000000)
  region size 1024K, 1 young (1024K), 1 survivors (1024K)
 Metaspace       used 25889K, committed 26368K, reserved 1114112K
  class space    used 3168K, committed 3392K, reserved 1048576K
}
Event: 3.928 GC heap before
{Heap before GC invocations=6 (full 0):
 garbage-first heap   total 51200K, used 34316K [0x0000000091000000, 0x0000000100000000)
  region size 1024K, 20 young (20480K), 1 survivors (1024K)
 Metaspace       used 29793K, committed 30336K, reserved 1114112K
  class space    used 3576K, committed 3840K, reserved 1048576K
}
Event: 3.931 GC heap after
{Heap after GC invocations=7 (full 0):
 garbage-first heap   total 51200K, used 17176K [0x0000000091000000, 0x0000000100000000)
  region size 1024K, 2 young (2048K), 2 survivors (2048K)
 Metaspace       used 29793K, committed 30336K, reserved 1114112K
  class space    used 3576K, committed 3840K, reserved 1048576K
}
Event: 4.339 GC heap before
{Heap before GC invocations=7 (full 0):
 garbage-first heap   total 51200K, used 36632K [0x0000000091000000, 0x0000000100000000)
  region size 1024K, 21 young (21504K), 2 survivors (2048K)
 Metaspace       used 34940K, committed 35520K, reserved 1114112K
  class space    used 4175K, committed 4416K, reserved 1048576K
}
Event: 4.343 GC heap after
{Heap after GC invocations=8 (full 0):
 garbage-first heap   total 51200K, used 18789K [0x0000000091000000, 0x0000000100000000)
  region size 1024K, 2 young (2048K), 2 survivors (2048K)
 Metaspace       used 34940K, committed 35520K, reserved 1114112K
  class space    used 4175K, committed 4416K, reserved 1048576K
}
Event: 4.403 GC heap before
{Heap before GC invocations=8 (full 0):
 garbage-first heap   total 51200K, used 19813K [0x0000000091000000, 0x0000000100000000)
  region size 1024K, 4 young (4096K), 2 survivors (2048K)
 Metaspace       used 35429K, committed 35968K, reserved 1114112K
  class space    used 4239K, committed 4480K, reserved 1048576K
}
Event: 4.405 GC heap after
{Heap after GC invocations=9 (full 0):
 garbage-first heap   total 51200K, used 18761K [0x0000000091000000, 0x0000000100000000)
  region size 1024K, 2 young (2048K), 2 survivors (2048K)
 Metaspace       used 35429K, committed 35968K, reserved 1114112K
  class space    used 4239K, committed 4480K, reserved 1048576K
}
Event: 4.904 GC heap before
{Heap before GC invocations=10 (full 0):
 garbage-first heap   total 51200K, used 38217K [0x0000000091000000, 0x0000000100000000)
  region size 1024K, 21 young (21504K), 2 survivors (2048K)
 Metaspace       used 40826K, committed 41408K, reserved 1114112K
  class space    used 5094K, committed 5376K, reserved 1048576K
}
Event: 4.907 GC heap after
{Heap after GC invocations=11 (full 0):
 garbage-first heap   total 51200K, used 20055K [0x0000000091000000, 0x0000000100000000)
  region size 1024K, 2 young (2048K), 2 survivors (2048K)
 Metaspace       used 40826K, committed 41408K, reserved 1114112K
  class space    used 5094K, committed 5376K, reserved 1048576K
}
Event: 4.925 GC heap before
{Heap before GC invocations=11 (full 0):
 garbage-first heap   total 51200K, used 21079K [0x0000000091000000, 0x0000000100000000)
  region size 1024K, 3 young (3072K), 2 survivors (2048K)
 Metaspace       used 41240K, committed 41856K, reserved 1114112K
  class space    used 5155K, committed 5440K, reserved 1048576K
}
Event: 4.927 GC heap after
{Heap after GC invocations=12 (full 0):
 garbage-first heap   total 51200K, used 19668K [0x0000000091000000, 0x0000000100000000)
  region size 1024K, 1 young (1024K), 1 survivors (1024K)
 Metaspace       used 41240K, committed 41856K, reserved 1114112K
  class space    used 5155K, committed 5440K, reserved 1048576K
}
Event: 5.352 GC heap before
{Heap before GC invocations=12 (full 0):
 garbage-first heap   total 51200K, used 38100K [0x0000000091000000, 0x0000000100000000)
  region size 1024K, 20 young (20480K), 1 survivors (1024K)
 Metaspace       used 46620K, committed 47168K, reserved 1114112K
  class space    used 5941K, committed 6208K, reserved 1048576K
}
Event: 5.355 GC heap after
{Heap after GC invocations=13 (full 0):
 garbage-first heap   total 51200K, used 21069K [0x0000000091000000, 0x0000000100000000)
  region size 1024K, 2 young (2048K), 2 survivors (2048K)
 Metaspace       used 46620K, committed 47168K, reserved 1114112K
  class space    used 5941K, committed 6208K, reserved 1048576K
}
Event: 5.759 GC heap before
{Heap before GC invocations=13 (full 0):
 garbage-first heap   total 51200K, used 39501K [0x0000000091000000, 0x0000000100000000)
  region size 1024K, 20 young (20480K), 2 survivors (2048K)
 Metaspace       used 49048K, committed 49664K, reserved 1114112K
  class space    used 6316K, committed 6592K, reserved 1048576K
}
Event: 5.763 GC heap after
{Heap after GC invocations=14 (full 0):
 garbage-first heap   total 51200K, used 23240K [0x0000000091000000, 0x0000000100000000)
  region size 1024K, 3 young (3072K), 3 survivors (3072K)
 Metaspace       used 49048K, committed 49664K, reserved 1114112K
  class space    used 6316K, committed 6592K, reserved 1048576K
}
Event: 6.105 GC heap before
{Heap before GC invocations=14 (full 0):
 garbage-first heap   total 51200K, used 39624K [0x0000000091000000, 0x0000000100000000)
  region size 1024K, 19 young (19456K), 3 survivors (3072K)
 Metaspace       used 51278K, committed 51904K, reserved 1114112K
  class space    used 6579K, committed 6912K, reserved 1048576K
}
Event: 6.109 GC heap after
{Heap after GC invocations=15 (full 0):
 garbage-first heap   total 51200K, used 25094K [0x0000000091000000, 0x0000000100000000)
  region size 1024K, 2 young (2048K), 2 survivors (2048K)
 Metaspace       used 51278K, committed 51904K, reserved 1114112K
  class space    used 6579K, committed 6912K, reserved 1048576K
}

Dll operation events (14 events):
Event: 0.010 Loaded shared library D:\JavaDK\bin\java.dll
Event: 0.028 Loaded shared library D:\JavaDK\bin\jsvml.dll
Event: 0.197 Loaded shared library D:\JavaDK\bin\zip.dll
Event: 0.201 Loaded shared library D:\JavaDK\bin\instrument.dll
Event: 0.210 Loaded shared library D:\JavaDK\bin\net.dll
Event: 0.214 Loaded shared library D:\JavaDK\bin\nio.dll
Event: 0.219 Loaded shared library D:\JavaDK\bin\zip.dll
Event: 0.326 Loaded shared library D:\IDEA\IntelliJ IDEA Community Edition 2022.2.3\bin\breakgen64.dll
Event: 0.338 Loaded shared library D:\JavaDK\bin\extnet.dll
Event: 0.379 Loaded shared library D:\JavaDK\bin\jimage.dll
Event: 0.724 Loaded shared library D:\JavaDK\bin\management.dll
Event: 0.727 Loaded shared library D:\JavaDK\bin\management_ext.dll
Event: 3.643 Loaded shared library D:\JavaDK\bin\sunmscapi.dll
Event: 4.608 Loaded shared library D:\JavaDK\bin\verify.dll

Deoptimization events (20 events):
Event: 18.875 Thread 0x000002484d461b90 Uncommon trap: trap_request=0xffffff45 fr.pc=0x00000248385827c8 relative=0x00000000000002a8
Event: 18.875 Thread 0x000002484d461b90 Uncommon trap: reason=unstable_if action=reinterpret pc=0x00000248385827c8 method=java.net.URI.match(CJJ)Z @ 19 c2
Event: 18.875 Thread 0x000002484d461b90 DEOPT PACKING pc=0x00000248385827c8 sp=0x0000004fbf5fce10
Event: 18.875 Thread 0x000002484d461b90 DEOPT UNPACKING pc=0x0000024837e76da3 sp=0x0000004fbf5fcd48 mode 2
Event: 18.875 Thread 0x000002484d461b90 Uncommon trap: trap_request=0xffffff45 fr.pc=0x0000024838405268 relative=0x0000000000000048
Event: 18.875 Thread 0x000002484d461b90 Uncommon trap: reason=unstable_if action=reinterpret pc=0x0000024838405268 method=java.net.URI.match(CJJ)Z @ 19 c2
Event: 18.875 Thread 0x000002484d461b90 DEOPT PACKING pc=0x0000024838405268 sp=0x0000004fbf5fcd20
Event: 18.875 Thread 0x000002484d461b90 DEOPT UNPACKING pc=0x0000024837e76da3 sp=0x0000004fbf5fccd0 mode 2
Event: 18.877 Thread 0x000002484d461b90 Uncommon trap: trap_request=0xffffff45 fr.pc=0x0000024838609f64 relative=0x0000000000001e04
Event: 18.877 Thread 0x000002484d461b90 Uncommon trap: reason=unstable_if action=reinterpret pc=0x0000024838609f64 method=java.net.URLStreamHandler.parseURL(Ljava/net/URL;Ljava/lang/String;II)V @ 84 c2
Event: 18.877 Thread 0x000002484d461b90 DEOPT PACKING pc=0x0000024838609f64 sp=0x0000004fbf5fd090
Event: 18.877 Thread 0x000002484d461b90 DEOPT UNPACKING pc=0x0000024837e76da3 sp=0x0000004fbf5fd030 mode 2
Event: 18.878 Thread 0x000002484d461b90 Uncommon trap: trap_request=0xffffff45 fr.pc=0x000002483856dd1c relative=0x00000000000009dc
Event: 18.878 Thread 0x000002484d461b90 Uncommon trap: reason=unstable_if action=reinterpret pc=0x000002483856dd1c method=sun.net.util.IPAddressUtil.scan(Ljava/lang/String;JJ[C)I @ 14 c2
Event: 18.878 Thread 0x000002484d461b90 DEOPT PACKING pc=0x000002483856dd1c sp=0x0000004fbf5fcf80
Event: 18.878 Thread 0x000002484d461b90 DEOPT UNPACKING pc=0x0000024837e76da3 sp=0x0000004fbf5fce40 mode 2
Event: 18.878 Thread 0x000002484d461b90 Uncommon trap: trap_request=0xffffff45 fr.pc=0x000002483856c364 relative=0x00000000000007c4
Event: 18.878 Thread 0x000002484d461b90 Uncommon trap: reason=unstable_if action=reinterpret pc=0x000002483856c364 method=java.net.URL.set(Ljava/lang/String;Ljava/lang/String;ILjava/lang/String;Ljava/lang/String;Ljava/lang/String;Ljava/lang/String;Ljava/lang/String;)V @ 23 c2
Event: 18.878 Thread 0x000002484d461b90 DEOPT PACKING pc=0x000002483856c364 sp=0x0000004fbf5fcea0
Event: 18.878 Thread 0x000002484d461b90 DEOPT UNPACKING pc=0x0000024837e76da3 sp=0x0000004fbf5fce68 mode 2

Classes loaded (20 events):
Event: 18.876 Loading class java/net/URL$1
Event: 18.876 Loading class java/net/URL$1 done
Event: 18.876 Loading class java/net/spi/URLStreamHandlerProvider
Event: 18.876 Loading class java/net/spi/URLStreamHandlerProvider done
Event: 18.876 Loading class sun/net/www/protocol/http/Handler
Event: 18.877 Loading class sun/net/www/protocol/http/Handler done
Event: 18.878 Loading class sun/net/www/protocol/http/HttpURLConnection
Event: 18.879 Loading class sun/net/www/protocol/http/HttpURLConnection done
Event: 18.880 Loading class sun/security/action/GetIntegerAction
Event: 18.880 Loading class sun/security/action/GetIntegerAction done
Event: 18.882 Loading class sun/net/www/protocol/http/HttpURLConnection$TunnelState
Event: 18.882 Loading class sun/net/www/protocol/http/HttpURLConnection$TunnelState done
Event: 18.882 Loading class sun/net/www/protocol/http/HttpURLConnection$2
Event: 18.882 Loading class sun/net/www/protocol/http/HttpURLConnection$2 done
Event: 18.882 Loading class java/net/CookieHandler
Event: 18.882 Loading class java/net/CookieHandler done
Event: 18.882 Loading class sun/net/www/protocol/http/HttpURLConnection$3
Event: 18.882 Loading class sun/net/www/protocol/http/HttpURLConnection$3 done
Event: 18.882 Loading class java/net/ResponseCache
Event: 18.883 Loading class java/net/ResponseCache done

Classes unloaded (0 events):
No events

Classes redefined (0 events):
No events

Internal exceptions (20 events):
Event: 5.316 Thread 0x000002484b75c560 Exception <a 'sun/nio/fs/WindowsException'{0x00000000930cb078}> (0x00000000930cb078) 
thrown [s\open\src\hotspot\share\prims\jni.cpp, line 517]
Event: 5.348 Thread 0x000002484b75c560 Exception <a 'java/lang/IncompatibleClassChangeError'{0x0000000092e68448}: Found class java.lang.Object, but interface was expected> (0x0000000092e68448) 
thrown [s\open\src\hotspot\share\interpreter\linkResolver.cpp, line 841]
Event: 5.442 Thread 0x000002484b75c560 Exception <a 'java/lang/NoSuchMethodError'{0x0000000094cfc718}: 'java.lang.Object java.lang.invoke.DirectMethodHandle$Holder.newInvokeSpecial(java.lang.Object, java.lang.Object, java.lang.Object, java.lang.Object, java.lang.Object, java.lang.Object, java.lang.Object, java.lang.Object)'> (0x0000000094cfc718) 
thrown [s\open\src\hotspot\share\interpreter\linkResolver.cpp, line 774]
Event: 5.491 Thread 0x000002484b75c560 Exception <a 'java/lang/IncompatibleClassChangeError'{0x0000000094935950}: Found class java.lang.Object, but interface was expected> (0x0000000094935950) 
thrown [s\open\src\hotspot\share\interpreter\linkResolver.cpp, line 841]
Event: 5.534 Thread 0x000002484b75c560 Exception <a 'java/lang/NoSuchMethodError'{0x0000000093972078}: 'java.lang.Object java.lang.invoke.DirectMethodHandle$Holder.invokeVirtual(java.lang.Object, java.lang.Object, int)'> (0x0000000093972078) 
thrown [s\open\src\hotspot\share\interpreter\linkResolver.cpp, line 774]
Event: 5.577 Thread 0x000002484b75c560 Exception <a 'java/lang/NoSuchMethodError'{0x000000009371f5e8}: 'java.lang.Object java.lang.invoke.DirectMethodHandle$Holder.invokeVirtual(java.lang.Object, java.lang.Object, java.lang.Object, java.lang.Object, java.lang.Object, java.lang.Object, java.lang.Object, java.lang.Object)'> (0x000000009371f5e8) 
thrown [s\open\src\hotspot\share\interpreter\linkResolver.cpp, line 774]
Event: 5.638 Thread 0x000002484b75c560 Exception <a 'java/lang/NoSuchMethodError'{0x00000000935ba280}: 'java.lang.Object java.lang.invoke.DirectMethodHandle$Holder.invokeSpecialIFC(java.lang.Object, java.lang.Object, java.lang.Object)'> (0x00000000935ba280) 
thrown [s\open\src\hotspot\share\interpreter\linkResolver.cpp, line 774]
Event: 5.742 Thread 0x000002484b75c560 Exception <a 'java/lang/NoSuchMethodError'{0x0000000093022208}: 'void java.lang.invoke.DirectMethodHandle$Holder.invokeVirtual(java.lang.Object, java.lang.Object, long)'> (0x0000000093022208) 
thrown [s\open\src\hotspot\share\interpreter\linkResolver.cpp, line 774]
Event: 5.880 Thread 0x000002484b75c560 Exception <a 'java/lang/IncompatibleClassChangeError'{0x0000000094bfa7d8}: Found class java.lang.Object, but interface was expected> (0x0000000094bfa7d8) 
thrown [s\open\src\hotspot\share\interpreter\linkResolver.cpp, line 841]
Event: 5.920 Thread 0x000002484b75c560 Exception <a 'java/lang/NoSuchMethodError'{0x00000000949b48b8}: 'java.lang.Object java.lang.invoke.DirectMethodHandle$Holder.invokeVirtual(java.lang.Object, java.lang.Object, java.lang.Object, java.lang.Object, java.lang.Object, java.lang.Object, java.lang.Object)'> (0x00000000949b48b8) 
thrown [s\open\src\hotspot\share\interpreter\linkResolver.cpp, line 774]
Event: 5.952 Thread 0x000002484b75c560 Exception <a 'java/lang/NoSuchMethodError'{0x0000000093915018}: 'int java.lang.invoke.DirectMethodHandle$Holder.invokeStaticInit(java.lang.Object, java.lang.Object, java.lang.Object, java.lang.Object)'> (0x0000000093915018) 
thrown [s\open\src\hotspot\share\interpreter\linkResolver.cpp, line 774]
Event: 6.014 Thread 0x000002484b75c560 Implicit null exception at 0x00000248386418d8 to 0x00000248386440f8
Event: 6.015 Thread 0x000002484b75c560 Implicit null exception at 0x00000248384dab5a to 0x00000248384dad84
Event: 6.088 Thread 0x000002484b75c560 Exception <a 'java/lang/NoSuchMethodError'{0x00000000932280d0}: 'java.lang.Object java.lang.invoke.DirectMethodHandle$Holder.invokeVirtual(java.lang.Object, java.lang.Object, java.lang.Object, java.lang.Object, java.lang.Object, java.lang.Object, java.lang.Object, java.lang.Object, java.lang.Object, java.lang.Object)'> (0x00000000932280d0) 
thrown [s\open\src\hotspot\share\interpreter\linkResolver.cpp, line 774]
Event: 6.203 Thread 0x000002484b75c560 Exception <a 'java/lang/NoSuchMethodError'{0x0000000094b57160}: 'java.lang.Object java.lang.invoke.DirectMethodHandle$Holder.newInvokeSpecial(java.lang.Object, java.lang.Object, int, java.lang.Object, java.lang.Object)'> (0x0000000094b57160) 
thrown [s\open\src\hotspot\share\interpreter\linkResolver.cpp, line 774]
Event: 6.204 Thread 0x000002484b75c560 Exception <a 'java/lang/NoSuchMethodError'{0x0000000094b627f0}: 'java.lang.Object java.lang.invoke.DirectMethodHandle$Holder.invokeSpecial(java.lang.Object, java.lang.Object, int, java.lang.Object, int, java.lang.Object)'> (0x0000000094b627f0) 
thrown [s\open\src\hotspot\share\interpreter\linkResolver.cpp, line 774]
Event: 6.204 Thread 0x000002484b75c560 Exception <a 'java/lang/NoSuchMethodError'{0x0000000094b6a888}: 'java.lang.Object java.lang.invoke.DirectMethodHandle$Holder.newInvokeSpecial(java.lang.Object, java.lang.Object, int, java.lang.Object, int)'> (0x0000000094b6a888) 
thrown [s\open\src\hotspot\share\interpreter\linkResolver.cpp, line 774]
Event: 6.204 Thread 0x000002484b75c560 Exception <a 'java/lang/NoSuchMethodError'{0x0000000094b6e9a0}: 'java.lang.Object java.lang.invoke.DirectMethodHandle$Holder.invokeSpecial(java.lang.Object, java.lang.Object, java.lang.Object, int, java.lang.Object, int)'> (0x0000000094b6e9a0) 
thrown [s\open\src\hotspot\share\interpreter\linkResolver.cpp, line 774]
Event: 18.694 Thread 0x000002484d45fbb0 Exception <a 'java/lang/NoSuchMethodError'{0x000000009397a5d8}: 'java.lang.Object java.lang.invoke.DirectMethodHandle$Holder.invokeSpecial(java.lang.Object, java.lang.Object, java.lang.Object, java.lang.Object, java.lang.Object, long)'> (0x000000009397a5d8) 
thrown [s\open\src\hotspot\share\interpreter\linkResolver.cpp, line 774]
Event: 18.694 Thread 0x000002484d45fbb0 Exception <a 'java/lang/NoSuchMethodError'{0x000000009397e2d8}: 'java.lang.Object java.lang.invoke.Invokers$Holder.linkToTargetMethod(java.lang.Object, java.lang.Object, java.lang.Object, long, java.lang.Object)'> (0x000000009397e2d8) 
thrown [s\open\src\hotspot\share\interpreter\linkResolver.cpp, line 774]

VM Operations (20 events):
Event: 5.759 Executing VM operation: G1CollectForAllocation
Event: 5.763 Executing VM operation: G1CollectForAllocation done
Event: 5.771 Executing VM operation: HandshakeAllThreads
Event: 5.771 Executing VM operation: HandshakeAllThreads done
Event: 5.771 Executing VM operation: HandshakeAllThreads
Event: 5.771 Executing VM operation: HandshakeAllThreads done
Event: 5.862 Executing VM operation: HandshakeAllThreads
Event: 5.862 Executing VM operation: HandshakeAllThreads done
Event: 6.105 Executing VM operation: G1CollectForAllocation
Event: 6.110 Executing VM operation: G1CollectForAllocation done
Event: 7.114 Executing VM operation: Cleanup
Event: 7.115 Executing VM operation: Cleanup done
Event: 12.174 Executing VM operation: Cleanup
Event: 12.174 Executing VM operation: Cleanup done
Event: 18.714 Executing VM operation: HandshakeAllThreads
Event: 18.714 Executing VM operation: HandshakeAllThreads done
Event: 18.714 Executing VM operation: Cleanup
Event: 18.714 Executing VM operation: Cleanup done
Event: 18.877 Executing VM operation: HandshakeAllThreads
Event: 18.877 Executing VM operation: HandshakeAllThreads done

Events (20 events):
Event: 6.193 Thread 0x000002484d461640 Thread added: 0x000002484d461640
Event: 6.213 Thread 0x000002484d461b90 Thread added: 0x000002484d461b90
Event: 6.213 Thread 0x000002484d45fbb0 Thread added: 0x000002484d45fbb0
Event: 6.213 Thread 0x000002484d4620e0 Thread added: 0x000002484d4620e0
Event: 6.213 Thread 0x000002484d45f660 Thread added: 0x000002484d45f660
Event: 6.213 Thread 0x000002484d460ba0 Thread added: 0x000002484d460ba0
Event: 6.213 Thread 0x000002484b454f20 Thread added: 0x000002484b454f20
Event: 6.213 Thread 0x000002484b4559c0 Thread added: 0x000002484b4559c0
Event: 6.214 Thread 0x000002484b453490 Thread added: 0x000002484b453490
Event: 6.214 Thread 0x000002484b454480 Thread added: 0x000002484b454480
Event: 6.214 Thread 0x000002484b452f40 Thread added: 0x000002484b452f40
Event: 6.226 Thread 0x000002484b4504c0 Thread added: 0x000002484b4504c0
Event: 6.227 Thread 0x000002484b451f50 Thread added: 0x000002484b451f50
Event: 6.248 Thread 0x000002484b75c560 Thread exited: 0x000002484b75c560
Event: 6.250 Thread 0x000002484b75bba0 Thread exited: 0x000002484b75bba0
Event: 6.251 Thread 0x000002482897d730 Thread exited: 0x000002482897d730
Event: 6.251 Thread 0x000002484b4549d0 Thread added: 0x000002484b4549d0
Event: 7.209 Thread 0x000002484ae46610 Thread exited: 0x000002484ae46610
Event: 9.335 Thread 0x000002484d462630 Thread exited: 0x000002484d462630
Event: 18.738 Thread 0x000002484ba296a0 Thread added: 0x000002484ba296a0


Dynamic libraries:
0x00007ff7b8a40000 - 0x00007ff7b8a50000 	D:\JavaDK\bin\java.exe
0x00007ffa9e8b0000 - 0x00007ffa9eaa8000 	C:\WINDOWS\SYSTEM32\ntdll.dll
0x00007ffa9d0f0000 - 0x00007ffa9d1af000 	C:\WINDOWS\System32\KERNEL32.DLL
0x00007ffa9c480000 - 0x00007ffa9c752000 	C:\WINDOWS\System32\KERNELBASE.dll
0x00007ffa9c200000 - 0x00007ffa9c300000 	C:\WINDOWS\System32\ucrtbase.dll
0x00007ffa923d0000 - 0x00007ffa923e8000 	D:\JavaDK\bin\jli.dll
0x00007ffa923b0000 - 0x00007ffa923cb000 	D:\JavaDK\bin\VCRUNTIME140.dll
0x00007ffa9d310000 - 0x00007ffa9d3be000 	C:\WINDOWS\System32\ADVAPI32.dll
0x00007ffa9e470000 - 0x00007ffa9e50e000 	C:\WINDOWS\System32\msvcrt.dll
0x00007ffa9dfb0000 - 0x00007ffa9e04c000 	C:\WINDOWS\System32\sechost.dll
0x00007ffa9d9c0000 - 0x00007ffa9dae5000 	C:\WINDOWS\System32\RPCRT4.dll
0x00007ffa9e2c0000 - 0x00007ffa9e461000 	C:\WINDOWS\System32\USER32.dll
0x00007ffa9c760000 - 0x00007ffa9c782000 	C:\WINDOWS\System32\win32u.dll
0x00007ffa8e740000 - 0x00007ffa8e9da000 	C:\WINDOWS\WinSxS\amd64_microsoft.windows.common-controls_6595b64144ccf1df_6.0.19041.1110_none_60b5254171f9507e\COMCTL32.dll
0x00007ffa9d1b0000 - 0x00007ffa9d1db000 	C:\WINDOWS\System32\GDI32.dll
0x00007ffa9c300000 - 0x00007ffa9c40f000 	C:\WINDOWS\System32\gdi32full.dll
0x00007ffa9c0e0000 - 0x00007ffa9c17d000 	C:\WINDOWS\System32\msvcp_win.dll
0x00007ffa922c0000 - 0x00007ffa922ca000 	C:\WINDOWS\SYSTEM32\VERSION.dll
0x00007ffa9daf0000 - 0x00007ffa9db22000 	C:\WINDOWS\System32\IMM32.DLL
0x00007ffa93350000 - 0x00007ffa9335c000 	D:\JavaDK\bin\vcruntime140_1.dll
0x00007ffa88dd0000 - 0x00007ffa88e5e000 	D:\JavaDK\bin\msvcp140.dll
0x00007ffa40630000 - 0x00007ffa412f0000 	D:\JavaDK\bin\server\jvm.dll
0x00007ffa977d0000 - 0x00007ffa977d9000 	C:\WINDOWS\SYSTEM32\WSOCK32.dll
0x00007ffa92290000 - 0x00007ffa922b7000 	C:\WINDOWS\SYSTEM32\WINMM.dll
0x00007ffa9e250000 - 0x00007ffa9e2bb000 	C:\WINDOWS\System32\WS2_32.dll
0x00007ffa9a840000 - 0x00007ffa9a852000 	C:\WINDOWS\SYSTEM32\kernel.appcore.dll
0x00007ffa932d0000 - 0x00007ffa932da000 	D:\JavaDK\bin\jimage.dll
0x00007ffa9a2a0000 - 0x00007ffa9a484000 	C:\WINDOWS\SYSTEM32\DBGHELP.DLL
0x00007ffa8cee0000 - 0x00007ffa8cf15000 	C:\WINDOWS\SYSTEM32\dbgcore.DLL
0x00007ffa9c050000 - 0x00007ffa9c0d2000 	C:\WINDOWS\System32\bcryptPrimitives.dll
0x00007ffa97860000 - 0x00007ffa9786e000 	D:\JavaDK\bin\instrument.dll
0x00007ffa92380000 - 0x00007ffa923a6000 	D:\JavaDK\bin\java.dll
0x00007ffa72550000 - 0x00007ffa72627000 	D:\JavaDK\bin\jsvml.dll
0x00007ffa9c9a0000 - 0x00007ffa9d0e5000 	C:\WINDOWS\System32\SHELL32.dll
0x00007ffa99a30000 - 0x00007ffa9a1c2000 	C:\WINDOWS\SYSTEM32\windows.storage.dll
0x00007ffa9d3d0000 - 0x00007ffa9d725000 	C:\WINDOWS\System32\combase.dll
0x00007ffa9b920000 - 0x00007ffa9b950000 	C:\WINDOWS\SYSTEM32\Wldp.dll
0x00007ffa9c8f0000 - 0x00007ffa9c99d000 	C:\WINDOWS\System32\SHCORE.dll
0x00007ffa9e050000 - 0x00007ffa9e0a5000 	C:\WINDOWS\System32\shlwapi.dll
0x00007ffa9bee0000 - 0x00007ffa9beff000 	C:\WINDOWS\SYSTEM32\profapi.dll
0x00007ffa8d2a0000 - 0x00007ffa8d2b8000 	D:\JavaDK\bin\zip.dll
0x00007ffa8da10000 - 0x00007ffa8da23000 	D:\JavaDK\bin\net.dll
0x00007ffa8eed0000 - 0x00007ffa8efdc000 	C:\WINDOWS\SYSTEM32\WINHTTP.dll
0x00007ffa9b680000 - 0x00007ffa9b6ea000 	C:\WINDOWS\system32\mswsock.dll
0x00007ffa8d9f0000 - 0x00007ffa8da06000 	D:\JavaDK\bin\nio.dll
0x00007ffa97840000 - 0x00007ffa9785a000 	D:\IDEA\IntelliJ IDEA Community Edition 2022.2.3\bin\breakgen64.dll
0x00007ffa8e6d0000 - 0x00007ffa8e6d8000 	D:\JavaDK\bin\extnet.dll
0x00007ffa97830000 - 0x00007ffa9783a000 	D:\JavaDK\bin\management.dll
0x00007ffa973c0000 - 0x00007ffa973cb000 	D:\JavaDK\bin\management_ext.dll
0x00007ffa9d3c0000 - 0x00007ffa9d3c8000 	C:\WINDOWS\System32\PSAPI.DLL
0x00007ffa9b870000 - 0x00007ffa9b888000 	C:\WINDOWS\SYSTEM32\CRYPTSP.dll
0x00007ffa9afa0000 - 0x00007ffa9afd4000 	C:\WINDOWS\system32\rsaenh.dll
0x00007ffa9c1d0000 - 0x00007ffa9c1f7000 	C:\WINDOWS\System32\bcrypt.dll
0x00007ffa9bea0000 - 0x00007ffa9bece000 	C:\WINDOWS\SYSTEM32\USERENV.dll
0x00007ffa9b890000 - 0x00007ffa9b89c000 	C:\WINDOWS\SYSTEM32\CRYPTBASE.dll
0x00007ffa9b370000 - 0x00007ffa9b3ab000 	C:\WINDOWS\SYSTEM32\IPHLPAPI.DLL
0x00007ffa9e0b0000 - 0x00007ffa9e0b8000 	C:\WINDOWS\System32\NSI.dll
0x00007ffa8f3c0000 - 0x00007ffa8f3d7000 	C:\WINDOWS\SYSTEM32\dhcpcsvc6.DLL
0x00007ffa921b0000 - 0x00007ffa921cd000 	C:\WINDOWS\SYSTEM32\dhcpcsvc.DLL
0x00007ffa9b3b0000 - 0x00007ffa9b47b000 	C:\WINDOWS\SYSTEM32\DNSAPI.dll
0x00007ffa973b0000 - 0x00007ffa973be000 	D:\JavaDK\bin\sunmscapi.dll
0x00007ffa9c790000 - 0x00007ffa9c8e6000 	C:\WINDOWS\System32\CRYPT32.dll
0x00007ffa9b990000 - 0x00007ffa9b9b7000 	C:\WINDOWS\SYSTEM32\ncrypt.dll
0x00007ffa9b950000 - 0x00007ffa9b98b000 	C:\WINDOWS\SYSTEM32\NTASN1.dll
0x00007ffa8d280000 - 0x00007ffa8d290000 	D:\JavaDK\bin\verify.dll
0x00007ffa93360000 - 0x00007ffa93367000 	C:\WINDOWS\system32\wshunix.dll

dbghelp: loaded successfully - version: 4.0.5 - missing functions: none
symbol engine: initialized successfully - sym options: 0x614 - pdb path: .;D:\JavaDK\bin;C:\WINDOWS\SYSTEM32;C:\WINDOWS\WinSxS\amd64_microsoft.windows.common-controls_6595b64144ccf1df_6.0.19041.1110_none_60b5254171f9507e;D:\JavaDK\bin\server;D:\IDEA\IntelliJ IDEA Community Edition 2022.2.3\bin

VM Arguments:
jvm_args: -javaagent:D:\IDEA\IntelliJ IDEA Community Edition 2022.2.3\lib\idea_rt.jar=51400:D:\IDEA\IntelliJ IDEA Community Edition 2022.2.3\bin -Dfile.encoding=UTF-8 -Dsun.stdout.encoding=UTF-8 -Dsun.stderr.encoding=UTF-8 
java_command: Ceiba.CeibaSvApplication
java_class_path (initial): D:\IDEA\project\CeibaSv\CeibaSv\target\classes;C:\Users\svyat\.m2\repository\org\springframework\boot\spring-boot-starter-data-jpa\3.1.4\spring-boot-starter-data-jpa-3.1.4.jar;C:\Users\svyat\.m2\repository\org\springframework\boot\spring-boot-starter-aop\3.1.4\spring-boot-starter-aop-3.1.4.jar;C:\Users\svyat\.m2\repository\org\springframework\spring-aop\6.0.12\spring-aop-6.0.12.jar;C:\Users\svyat\.m2\repository\org\aspectj\aspectjweaver\1.9.20\aspectjweaver-1.9.20.jar;C:\Users\svyat\.m2\repository\org\springframework\boot\spring-boot-starter-jdbc\3.1.4\spring-boot-starter-jdbc-3.1.4.jar;C:\Users\svyat\.m2\repository\com\zaxxer\HikariCP\5.0.1\HikariCP-5.0.1.jar;C:\Users\svyat\.m2\repository\org\springframework\spring-jdbc\6.0.12\spring-jdbc-6.0.12.jar;C:\Users\svyat\.m2\repository\org\hibernate\orm\hibernate-core\6.2.9.Final\hibernate-core-6.2.9.Final.jar;C:\Users\svyat\.m2\repository\jakarta\persistence\jakarta.persistence-api\3.1.0\jakarta.persistence-api-3.1.0.jar;C:\Users\svyat\.m2\repository\jakarta\transaction\jakarta.transaction-api\2.0.1\jakarta.transaction-api-2.0.1.jar;C:\Users\svyat\.m2\repository\org\jboss\logging\jboss-logging\3.5.3.Final\jboss-logging-3.5.3.Final.jar;C:\Users\svyat\.m2\repository\org\hibernate\common\hibernate-commons-annotations\6.0.6.Final\hibernate-commons-annotations-6.0.6.Final.jar;C:\Users\svyat\.m2\repository\io\smallrye\jandex\3.0.5\jandex-3.0.5.jar;C:\Users\svyat\.m2\repository\com\fasterxml\classmate\1.5.1\classmate-1.5.1.jar;C:\Users\svyat\.m2\repository\net\bytebuddy\byte-buddy\1.14.8\byte-buddy-1.14.8.jar;C:\Users\svyat\.m2\repository\org\glassfish\jaxb\jaxb-runtime\4.0.3\jaxb-runtime-4.0.3.jar;C:\Users\svyat\.m2\repository\org\glassfish\jaxb\jaxb-core\4.0.3\jaxb-core-4.0.3.jar;C:\Users\svyat\.m2\repository\org\eclipse\angus\angus-activation\2.0.1\angus-activation-2.0.1.jar;C:\Users\svyat\.m2\repository\org\glassfish\jaxb\txw2\4.0.3\txw2-4.0.3.jar;C:\Users\svyat\.m2\repository\com\sun\istack\istack-commons-runtime\4.1.2\istack-commons-runtime-4.1.2.jar;C:\Users\svyat\.m2\repository\jakarta\inject\jakarta.inject-api\2.0.1\jakarta.inject-api-2.0.1.jar;C:\Users\svyat\.m2\repository\org\antlr\antlr4-runtime\4.10.1\antlr4-runtime-4.10.1.jar;C:\Users\svyat\.m2\repository\org\springframework\data\spring-data-jpa\3.1.4\spring-data-jpa-3.1.4.jar;C:\Users\svyat\.m2\repository\org\springframework\data\spring-data-commons\3.1.4\spring-data-commons-3.1.4.jar;C:\Users\svyat\.m2\repository\org\springframework\spring-orm\6.0.12\spring-orm-6.0.12.jar;C:\Users\svyat\.m2\repository\org\springframework\spring-context\6.0.12\spring-context-6.0.12.jar;C:\Users\svyat\.m2\repository\org\springframework\spring-tx\6.0.12\spring-tx-6.0.12.jar;C:\Users\svyat\.m2\repository\org\springframework\spring-beans\6.0.12\spring-beans-6.0.12.jar;C:\Users\svyat\.m2\repository\jakarta\annotation\jakarta.annotation-api\2.1.1\jakarta.annotation-api-2.1.1.jar;C:\Users\svyat\.m2\repository\org\slf4j\slf4j-api\2.0.9\slf4j-api-2.0.9.jar;C:\Users\svyat\.m2\repository\org\springframework\spring-aspects\6.0.12\spring-aspects-6.0.12.jar;C:\Users\svyat\.m2\repository\org\springframework\boot\spring-boot-starter-data-rest\3.1.4\spring-boot-starter-data-rest-3.1.4.jar;C:\Users\svyat\.m2\repository\org\springframework\data\spring-data-rest-webmvc\4.1.4\spring-data-rest-webmvc-4.1.4.jar;C:\Users\svyat\.m2\repository\org\springframework\data\spring-data-rest-core\4.1.4\spring-data-rest-core-4.1.4.jar;C:\Users\svyat\.m2\repository\org\springframework\hateoas\spring-hateoas\2.1.2\spring-hateoas-2.1.2.jar;C:\Users\svyat\.m2\repository\org\springframework\plugin\spring-plugin-core\3.0.0\spring-plugin-core-3.0.0.jar;C:\Users\svyat\.m2\repository\org\atteo\evo-inflector\1.3\evo-inflector-1.3.jar;C:\Users\svyat\.m2\repository\org\springframework\boot\spring-boot-starter-web\3.1.4\spring-boot-starter-web-3.1.4.jar;C:\Users\svyat\.m2\repository\org\springframework\boot\spring-boot-starter\3.1.4\spring-boot-starter-3.1.4.jar;C:\Users\svyat\.m2\repository\org\springframework\boot\spring-boot-starter-logging\3.1.4\spring-boot-starter-logging-3.1.4.jar;C:\Users\svyat\.m2\repository\ch\qos\logback\logback-classic\1.4.11\logback-classic-1.4.11.jar;C:\Users\svyat\.m2\repository\ch\qos\logback\logback-core\1.4.11\logback-core-1.4.11.jar;C:\Users\svyat\.m2\repository\org\apache\logging\log4j\log4j-to-slf4j\2.20.0\log4j-to-slf4j-2.20.0.jar;C:\Users\svyat\.m2\repository\org\apache\logging\log4j\log4j-api\2.20.0\log4j-api-2.20.0.jar;C:\Users\svyat\.m2\repository\org\slf4j\jul-to-slf4j\2.0.9\jul-to-slf4j-2.0.9.jar;C:\Users\svyat\.m2\repository\org\yaml\snakeyaml\1.33\snakeyaml-1.33.jar;C:\Users\svyat\.m2\repository\org\springframework\boot\spring-boot-starter-json\3.1.4\spring-boot-starter-json-3.1.4.jar;C:\Users\svyat\.m2\repository\com\fasterxml\jackson\datatype\jackson-datatype-jdk8\2.15.2\jackson-datatype-jdk8-2.15.2.jar;C:\Users\svyat\.m2\repository\com\fasterxml\jackson\datatype\jackson-datatype-jsr310\2.15.2\jackson-datatype-jsr310-2.15.2.jar;C:\Users\svyat\.m2\repository\com\fasterxml\jackson\module\jackson-module-parameter-names\2.15.2\jackson-module-parameter-names-2.15.2.jar;C:\Users\svyat\.m2\repository\org\springframework\boot\spring-boot-starter-tomcat\3.1.4\spring-boot-starter-tomcat-3.1.4.jar;C:\Users\svyat\.m2\repository\org\apache\tomcat\embed\tomcat-embed-core\10.1.13\tomcat-embed-core-10.1.13.jar;C:\Users\svyat\.m2\repository\org\apache\tomcat\embed\tomcat-embed-el\10.1.13\tomcat-embed-el-10.1.13.jar;C:\Users\svyat\.m2\repository\org\apache\tomcat\embed\tomcat-embed-websocket\10.1.13\tomcat-embed-websocket-10.1.13.jar;C:\Users\svyat\.m2\repository\org\springframework\spring-web\6.0.12\spring-web-6.0.12.jar;C:\Users\svyat\.m2\repository\io\micrometer\micrometer-observation\1.11.4\micrometer-observation-1.11.4.jar;C:\Users\svyat\.m2\repository\io\micrometer\micrometer-commons\1.11.4\micrometer-commons-1.11.4.jar;C:\Users\svyat\.m2\repository\org\springframework\spring-webmvc\6.0.12\spring-webmvc-6.0.12.jar;C:\Users\svyat\.m2\repository\org\springframework\spring-expression\6.0.12\spring-expression-6.0.12.jar;C:\Users\svyat\.m2\repository\com\fasterxml\jackson\core\jackson-databind\2.15.2\jackson-databind-2.15.2.jar;C:\Users\svyat\.m2\repository\com\fasterxml\jackson\core\jackson-annotations\2.15.2\jackson-annotations-2.15.2.jar;C:\Users\svyat\.m2\repository\com\fasterxml\jackson\core\jackson-core\2.15.2\jackson-core-2.15.2.jar;C:\Users\svyat\.m2\repository\org\springframework\boot\spring-boot-devtools\3.1.4\spring-boot-devtools-3.1.4.jar;C:\Users\svyat\.m2\repository\org\springframework\boot\spring-boot\3.1.4\spring-boot-3.1.4.jar;C:\Users\svyat\.m2\repository\org\springframework\boot\spring-boot-autoconfigure\3.1.4\spring-boot-autoconfigure-3.1.4.jar;C:\Users\svyat\.m2\repository\com\h2database\h2\2.1.214\h2-2.1.214.jar;C:\Users\svyat\.m2\repository\org\projectlombok\lombok\1.18.30\lombok-1.18.30.jar;C:\Users\svyat\.m2\repository\com\jayway\jsonpath\json-path\2.8.0\json-path-2.8.0.jar;C:\Users\svyat\.m2\repository\jakarta\xml\bind\jakarta.xml.bind-api\4.0.1\jakarta.xml.bind-api-4.0.1.jar;C:\Users\svyat\.m2\repository\jakarta\activation\jakarta.activation-api\2.1.2\jakarta.activation-api-2.1.2.jar;C:\Users\svyat\.m2\repository\net\minidev\json-smart\2.4.11\json-smart-2.4.11.jar;C:\Users\svyat\.m2\repository\net\minidev\accessors-smart\2.4.11\accessors-smart-2.4.11.jar;C:\Users\svyat\.m2\repository\org\ow2\asm\asm\9.3\asm-9.3.jar;C:\Users\svyat\.m2\repository\org\springframework\spring-core\6.0.12\spring-core-6.0.12.jar;C:\Users\svyat\.m2\repository\org\springframework\spring-jcl\6.0.12\spring-jcl-6.0.12.jar
Launcher Type: SUN_STANDARD

[Global flags]
     intx CICompilerCount                          = 4                                         {product} {ergonomic}
     uint ConcGCThreads                            = 2                                         {product} {ergonomic}
     uint G1ConcRefinementThreads                  = 8                                         {product} {ergonomic}
   size_t G1HeapRegionSize                         = 1048576                                   {product} {ergonomic}
    uintx GCDrainStackTargetSize                   = 64                                        {product} {ergonomic}
   size_t InitialHeapSize                          = 117440512                                 {product} {ergonomic}
   size_t MarkStackSize                            = 4194304                                   {product} {ergonomic}
   size_t MaxHeapSize                              = 1862270976                                {product} {ergonomic}
   size_t MaxNewSize                               = 1116733440                                {product} {ergonomic}
   size_t MinHeapDeltaBytes                        = 1048576                                   {product} {ergonomic}
   size_t MinHeapSize                              = 8388608                                   {product} {ergonomic}
    uintx NonNMethodCodeHeapSize                   = 5839372                                {pd product} {ergonomic}
    uintx NonProfiledCodeHeapSize                  = 122909434                              {pd product} {ergonomic}
    uintx ProfiledCodeHeapSize                     = 122909434                              {pd product} {ergonomic}
    uintx ReservedCodeCacheSize                    = 251658240                              {pd product} {ergonomic}
     bool SegmentedCodeCache                       = true                                      {product} {ergonomic}
   size_t SoftMaxHeapSize                          = 1862270976                             {manageable} {ergonomic}
     bool UseCompressedClassPointers               = true                           {product lp64_product} {ergonomic}
     bool UseCompressedOops                        = true                           {product lp64_product} {ergonomic}
     bool UseG1GC                                  = true                                      {product} {ergonomic}
     bool UseLargePagesIndividualAllocation        = false                                  {pd product} {ergonomic}

Logging:
Log output configuration:
 #0: stdout all=warning uptime,level,tags foldmultilines=false
 #1: stderr all=off uptime,level,tags foldmultilines=false

Environment Variables:
PATH=C:\Program Files\Common Files\Oracle\Java\javapath;C:\WINDOWS\system32;C:\WINDOWS;C:\WINDOWS\System32\Wbem;C:\WINDOWS\System32\WindowsPowerShell\v1.0\;C:\WINDOWS\System32\OpenSSH\;C:\Program Files\WireGuard\;C:\Program Files\Git\cmd;C:\Users\svyat\AppData\Local\Microsoft\WindowsApps
USERNAME=svyat
OS=Windows_NT
PROCESSOR_IDENTIFIER=AMD64 Family 23 Model 24 Stepping 1, AuthenticAMD
TMP=C:\Users\svyat\AppData\Local\Temp
TEMP=C:\Users\svyat\AppData\Local\Temp



---------------  S Y S T E M  ---------------

OS:
 Windows 10 , 64 bit Build 19041 (10.0.19041.2546)
OS uptime: 0 days 2:20 hours

CPU: total 8 (initial active 8) (8 cores per cpu, 2 threads per core) family 23 model 24 stepping 1 microcode 0x0, cx8, cmov, fxsr, ht, mmx, 3dnowpref, sse, sse2, sse3, ssse3, sse4a, sse4.1, sse4.2, popcnt, lzcnt, tsc, tscinvbit, avx, avx2, aes, clmul, bmi1, bmi2, adx, sha, fma, vzeroupper, clflush, clflushopt, rdtscp

Memory: 4k page, system-wide physical 7103M (440M free)
TotalPageFile size 9151M (AvailPageFile size 5M)
current process WorkingSet (physical memory assigned to process): 211M, peak: 227M
current process commit charge ("private bytes"): 252M, peak: 266M

vm_info: Java HotSpot(TM) 64-Bit Server VM (19.0.1+10-21) for windows-amd64 JRE (19.0.1+10-21), built on 2022-09-14T12:45:06Z by "mach5one" with MS VC++ 17.1 (VS2022)

END.
